\BOOKMARK [0][-]{chapter.1}{INSTALL}{}
\BOOKMARK [1][-]{section.1.1}{Ms Windows}{chapter.1}
\BOOKMARK [1][-]{section.1.2}{Linux}{chapter.1}
\BOOKMARK [1][-]{section.1.3}{OSX}{chapter.1}
\BOOKMARK [0][-]{chapter.2}{Accuracy plot}{}
\BOOKMARK [0][-]{chapter.3}{EER plot}{}
\BOOKMARK [0][-]{chapter.4}{Histogram}{}
\BOOKMARK [0][-]{chapter.5}{Matrixplot}{}
\BOOKMARK [0][-]{chapter.6}{Ranking plot}{}
\BOOKMARK [0][-]{chapter.7}{Tippett plot}{}
\BOOKMARK [0][-]{chapter.8}{Zoo plot}{}
\BOOKMARK [1][-]{section.8.1}{Highlighting labels}{chapter.8}
\BOOKMARK [1][-]{section.8.2}{Zooplots combined with Histograms}{chapter.8}
\BOOKMARK [0][-]{chapter.9}{Known Issues}{}
\BOOKMARK [1][-]{section.9.1}{data separation character}{chapter.9}
\BOOKMARK [1][-]{section.9.2}{matplotlib}{chapter.9}
\BOOKMARK [0][-]{chapter.10}{bioplot.cfg}{}
\BOOKMARK [0][-]{chapter.11}{Indices and tables}{}
\BOOKMARK [0][-]{chapter.12}{License}{}
\BOOKMARK [0][-]{chapter.13}{bioplot}{}
\BOOKMARK [0][-]{chapter.14}{Data files}{}
